# JRE version: Java(TM) SE Runtime Environment (7.0_60-b19) (build 1.7.0_60-b19)
# Java VM: Java HotSpot(TM) 64-Bit Server VM (24.60-b09 mixed mode windows-amd64 compressed oops)
Heap
 PSYoungGen      total 141824K, used 39447K [0x00000000f5500000, 0x0000000100000000, 0x0000000100000000)
  eden space 110592K, 22% used [0x00000000f5500000,0x00000000f6d4b5e0,0x00000000fc100000)
  from space 31232K, 46% used [0x00000000fdf80000,0x00000000fedba810,0x00000000ffe00000)
  to   space 31232K, 0% used [0x00000000fc100000,0x00000000fc100000,0x00000000fdf80000)
 ParOldGen       total 169984K, used 95496K [0x00000000e0000000, 0x00000000ea600000, 0x00000000f5500000)
  object space 169984K, 56% used [0x00000000e0000000,0x00000000e5d42370,0x00000000ea600000)
 PSPermGen       total 62976K, used 43665K [0x00000000dae00000, 0x00000000deb80000, 0x00000000e0000000)
  object space 62976K, 69% used [0x00000000dae00000,0x00000000dd8a4778,0x00000000deb80000)
GC Heap History (10 events):
Event: 2444.442 GC heap before
{Heap before GC invocations=117 (full 5):
 PSYoungGen      total 134144K, used 101664K [0x00000000f5500000, 0x00000000ffc80000, 0x0000000100000000)
  eden space 97792K, 100% used [0x00000000f5500000,0x00000000fb480000,0x00000000fb480000)
  from space 36352K, 10% used [0x00000000fb480000,0x00000000fb848030,0x00000000fd800000)
  to   space 34816K, 0% used [0x00000000fda80000,0x00000000fda80000,0x00000000ffc80000)
 ParOldGen       total 169984K, used 95496K [0x00000000e0000000, 0x00000000ea600000, 0x00000000f5500000)
  object space 169984K, 56% used [0x00000000e0000000,0x00000000e5d42370,0x00000000ea600000)
 PSPermGen       total 62976K, used 42799K [0x00000000dae00000, 0x00000000deb80000, 0x00000000e0000000)
  object space 62976K, 67% used [0x00000000dae00000,0x00000000dd7cbdd8,0x00000000deb80000)
Event: 2444.445 GC heap after
Heap after GC invocations=117 (full 5):
 PSYoungGen      total 136704K, used 3936K [0x00000000f5500000, 0x00000000ffb00000, 0x0000000100000000)
  eden space 103424K, 0% used [0x00000000f5500000,0x00000000f5500000,0x00000000fba00000)
  from space 33280K, 11% used [0x00000000fda80000,0x00000000fde58030,0x00000000ffb00000)
  to   space 33280K, 0% used [0x00000000fba00000,0x00000000fba00000,0x00000000fda80000)
 ParOldGen       total 169984K, used 95496K [0x00000000e0000000, 0x00000000ea600000, 0x00000000f5500000)
  object space 169984K, 56% used [0x00000000e0000000,0x00000000e5d42370,0x00000000ea600000)
 PSPermGen       total 62976K, used 42799K [0x00000000dae00000, 0x00000000deb80000, 0x00000000e0000000)
  object space 62976K, 67% used [0x00000000dae00000,0x00000000dd7cbdd8,0x00000000deb80000)
}
Event: 2462.221 GC heap before
{Heap before GC invocations=118 (full 5):
 PSYoungGen      total 136704K, used 107360K [0x00000000f5500000, 0x00000000ffb00000, 0x0000000100000000)
  eden space 103424K, 100% used [0x00000000f5500000,0x00000000fba00000,0x00000000fba00000)
  from space 33280K, 11% used [0x00000000fda80000,0x00000000fde58030,0x00000000ffb00000)
  to   space 33280K, 0% used [0x00000000fba00000,0x00000000fba00000,0x00000000fda80000)
 ParOldGen       total 169984K, used 95496K [0x00000000e0000000, 0x00000000ea600000, 0x00000000f5500000)
  object space 169984K, 56% used [0x00000000e0000000,0x00000000e5d42370,0x00000000ea600000)
 PSPermGen       total 62976K, used 42804K [0x00000000dae00000, 0x00000000deb80000, 0x00000000e0000000)
  object space 62976K, 67% used [0x00000000dae00000,0x00000000dd7cd348,0x00000000deb80000)
Event: 2462.227 GC heap after
Heap after GC invocations=118 (full 5):
 PSYoungGen      total 136704K, used 3968K [0x00000000f5500000, 0x00000000ffc80000, 0x0000000100000000)
  eden space 103424K, 0% used [0x00000000f5500000,0x00000000f5500000,0x00000000fba00000)
  from space 33280K, 11% used [0x00000000fba00000,0x00000000fbde0030,0x00000000fda80000)
  to   space 31744K, 0% used [0x00000000fdd80000,0x00000000fdd80000,0x00000000ffc80000)
 ParOldGen       total 169984K, used 95496K [0x00000000e0000000, 0x00000000ea600000, 0x00000000f5500000)
  object space 169984K, 56% used [0x00000000e0000000,0x00000000e5d42370,0x00000000ea600000)
 PSPermGen       total 62976K, used 42804K [0x00000000dae00000, 0x00000000deb80000, 0x00000000e0000000)
  object space 62976K, 67% used [0x00000000dae00000,0x00000000dd7cd348,0x00000000deb80000)
}
Event: 2481.968 GC heap before
{Heap before GC invocations=119 (full 5):
 PSYoungGen      total 136704K, used 107392K [0x00000000f5500000, 0x00000000ffc80000, 0x0000000100000000)
  eden space 103424K, 100% used [0x00000000f5500000,0x00000000fba00000,0x00000000fba00000)
  from space 33280K, 11% used [0x00000000fba00000,0x00000000fbde0030,0x00000000fda80000)
  to   space 31744K, 0% used [0x00000000fdd80000,0x00000000fdd80000,0x00000000ffc80000)
 ParOldGen       total 169984K, used 95496K [0x00000000e0000000, 0x00000000ea600000, 0x00000000f5500000)
  object space 169984K, 56% used [0x00000000e0000000,0x00000000e5d42370,0x00000000ea600000)
 PSPermGen       total 62976K, used 42805K [0x00000000dae00000, 0x00000000deb80000, 0x00000000e0000000)
  object space 62976K, 67% used [0x00000000dae00000,0x00000000dd7cd500,0x00000000deb80000)
Event: 2481.974 GC heap after
Heap after GC invocations=119 (full 5):
 PSYoungGen      total 135680K, used 4032K [0x00000000f5500000, 0x00000000ff900000, 0x0000000100000000)
  eden space 107520K, 0% used [0x00000000f5500000,0x00000000f5500000,0x00000000fbe00000)
  from space 28160K, 14% used [0x00000000fdd80000,0x00000000fe170030,0x00000000ff900000)
  to   space 30208K, 0% used [0x00000000fbe00000,0x00000000fbe00000,0x00000000fdb80000)
 ParOldGen       total 169984K, used 95496K [0x00000000e0000000, 0x00000000ea600000, 0x00000000f5500000)
  object space 169984K, 56% used [0x00000000e0000000,0x00000000e5d42370,0x00000000ea600000)
 PSPermGen       total 62976K, used 42805K [0x00000000dae00000, 0x00000000deb80000, 0x00000000e0000000)
  object space 62976K, 67% used [0x00000000dae00000,0x00000000dd7cd500,0x00000000deb80000)
}
Event: 2499.984 GC heap before
{Heap before GC invocations=120 (full 5):
 PSYoungGen      total 135680K, used 111533K [0x00000000f5500000, 0x00000000ff900000, 0x0000000100000000)
  eden space 107520K, 99% used [0x00000000f5500000,0x00000000fbdfb5b8,0x00000000fbe00000)
  from space 28160K, 14% used [0x00000000fdd80000,0x00000000fe170030,0x00000000ff900000)
  to   space 30208K, 0% used [0x00000000fbe00000,0x00000000fbe00000,0x00000000fdb80000)
 ParOldGen       total 169984K, used 95496K [0x00000000e0000000, 0x00000000ea600000, 0x00000000f5500000)
  object space 169984K, 56% used [0x00000000e0000000,0x00000000e5d42370,0x00000000ea600000)
 PSPermGen       total 62976K, used 42807K [0x00000000dae00000, 0x00000000deb80000, 0x00000000e0000000)
  object space 62976K, 67% used [0x00000000dae00000,0x00000000dd7cde18,0x00000000deb80000)
Event: 2499.990 GC heap after
Heap after GC invocations=120 (full 5):
 PSYoungGen      total 137728K, used 16419K [0x00000000f5500000, 0x00000000ffe00000, 0x0000000100000000)
  eden space 107520K, 0% used [0x00000000f5500000,0x00000000f5500000,0x00000000fbe00000)
  from space 30208K, 54% used [0x00000000fbe00000,0x00000000fce08e38,0x00000000fdb80000)
  to   space 31232K, 0% used [0x00000000fdf80000,0x00000000fdf80000,0x00000000ffe00000)
 ParOldGen       total 169984K, used 95496K [0x00000000e0000000, 0x00000000ea600000, 0x00000000f5500000)
  object space 169984K, 56% used [0x00000000e0000000,0x00000000e5d42370,0x00000000ea600000)
 PSPermGen       total 62976K, used 42807K [0x00000000dae00000, 0x00000000deb80000, 0x00000000e0000000)
  object space 62976K, 67% used [0x00000000dae00000,0x00000000dd7cde18,0x00000000deb80000)
}
Event: 2500.180 GC heap before
{Heap before GC invocations=121 (full 5):
 PSYoungGen      total 137728K, used 123939K [0x00000000f5500000, 0x00000000ffe00000, 0x0000000100000000)
  eden space 107520K, 100% used [0x00000000f5500000,0x00000000fbe00000,0x00000000fbe00000)
  from space 30208K, 54% used [0x00000000fbe00000,0x00000000fce08e38,0x00000000fdb80000)
  to   space 31232K, 0% used [0x00000000fdf80000,0x00000000fdf80000,0x00000000ffe00000)
 ParOldGen       total 169984K, used 95496K [0x00000000e0000000, 0x00000000ea600000, 0x00000000f5500000)
  object space 169984K, 56% used [0x00000000e0000000,0x00000000e5d42370,0x00000000ea600000)
 PSPermGen       total 62976K, used 42808K [0x00000000dae00000, 0x00000000deb80000, 0x00000000e0000000)
  object space 62976K, 67% used [0x00000000dae00000,0x00000000dd7ce260,0x00000000deb80000)
Event: 2500.190 GC heap after
Heap after GC invocations=121 (full 5):
 PSYoungGen      total 141824K, used 14570K [0x00000000f5500000, 0x0000000100000000, 0x0000000100000000)
  eden space 110592K, 0% used [0x00000000f5500000,0x00000000f5500000,0x00000000fc100000)
  from space 31232K, 46% used [0x00000000fdf80000,0x00000000fedba810,0x00000000ffe00000)
  to   space 31232K, 0% used [0x00000000fc100000,0x00000000fc100000,0x00000000fdf80000)
 ParOldGen       total 169984K, used 95496K [0x00000000e0000000, 0x00000000ea600000, 0x00000000f5500000)
  object space 169984K, 56% used [0x00000000e0000000,0x00000000e5d42370,0x00000000ea600000)
 PSPermGen       total 62976K, used 42808K [0x00000000dae00000, 0x00000000deb80000, 0x00000000e0000000)
  object space 62976K, 67% used [0x00000000dae00000,0x00000000dd7ce260,0x00000000deb80000)
}

