# JRE version: Java(TM) SE Runtime Environment (8.0_20-b26) (build 1.8.0_20-b26)
# Java VM: Java HotSpot(TM) 64-Bit Server VM (25.20-b23 mixed mode windows-amd64 compressed oops)
Heap:
 PSYoungGen      total 83968K, used 27434K [0x00000000f5580000, 0x00000000fcb80000, 0x0000000100000000)
  eden space 54272K, 50% used [0x00000000f5580000,0x00000000f704ab98,0x00000000f8a80000)
  from space 29696K, 0% used [0x00000000faa00000,0x00000000faa00000,0x00000000fc700000)
  to   space 32256K, 0% used [0x00000000f8a80000,0x00000000f8a80000,0x00000000faa00000)
 ParOldGen       total 128000K, used 65770K [0x00000000e0000000, 0x00000000e7d00000, 0x00000000f5580000)
  object space 128000K, 51% used [0x00000000e0000000,0x00000000e403a8a8,0x00000000e7d00000)
 Metaspace       used 24022K, capacity 24516K, committed 24832K, reserved 1071104K
  class space    used 2891K, capacity 2992K, committed 3072K, reserved 1048576K
GC Heap History (10 events):
Event: 4.433 GC heap before
{Heap before GC invocations=8 (full 1):
 PSYoungGen      total 50688K, used 50609K [0x00000000f5580000, 0x00000000fb180000, 0x0000000100000000)
  eden space 43520K, 100% used [0x00000000f5580000,0x00000000f8000000,0x00000000f8000000)
  from space 7168K, 98% used [0x00000000faa80000,0x00000000fb16c708,0x00000000fb180000)
  to   space 20480K, 0% used [0x00000000f8980000,0x00000000f8980000,0x00000000f9d80000)
 ParOldGen       total 84480K, used 39143K [0x00000000e0000000, 0x00000000e5280000, 0x00000000f5580000)
  object space 84480K, 46% used [0x00000000e0000000,0x00000000e2639f30,0x00000000e5280000)
 Metaspace       used 12043K, capacity 12374K, committed 12544K, reserved 1060864K
  class space    used 1430K, capacity 1493K, committed 1536K, reserved 1048576K
Event: 4.444 GC heap after
Heap after GC invocations=8 (full 1):
 PSYoungGen      total 73728K, used 12990K [0x00000000f5580000, 0x00000000fb400000, 0x0000000100000000)
  eden space 53248K, 0% used [0x00000000f5580000,0x00000000f5580000,0x00000000f8980000)
  from space 20480K, 63% used [0x00000000f8980000,0x00000000f962fa60,0x00000000f9d80000)
  to   space 20480K, 0% used [0x00000000fa000000,0x00000000fa000000,0x00000000fb400000)
 ParOldGen       total 84480K, used 39143K [0x00000000e0000000, 0x00000000e5280000, 0x00000000f5580000)
  object space 84480K, 46% used [0x00000000e0000000,0x00000000e2639f30,0x00000000e5280000)
 Metaspace       used 12043K, capacity 12374K, committed 12544K, reserved 1060864K
  class space    used 1430K, capacity 1493K, committed 1536K, reserved 1048576K
}
Event: 5.731 GC heap before
{Heap before GC invocations=9 (full 1):
 PSYoungGen      total 73728K, used 66238K [0x00000000f5580000, 0x00000000fb400000, 0x0000000100000000)
  eden space 53248K, 100% used [0x00000000f5580000,0x00000000f8980000,0x00000000f8980000)
  from space 20480K, 63% used [0x00000000f8980000,0x00000000f962fa60,0x00000000f9d80000)
  to   space 20480K, 0% used [0x00000000fa000000,0x00000000fa000000,0x00000000fb400000)
 ParOldGen       total 84480K, used 39143K [0x00000000e0000000, 0x00000000e5280000, 0x00000000f5580000)
  object space 84480K, 46% used [0x00000000e0000000,0x00000000e2639f30,0x00000000e5280000)
 Metaspace       used 12618K, capacity 12936K, committed 13184K, reserved 1060864K
  class space    used 1505K, capacity 1592K, committed 1664K, reserved 1048576K
Event: 5.749 GC heap after
Heap after GC invocations=9 (full 1):
 PSYoungGen      total 71168K, used 20448K [0x00000000f5580000, 0x00000000fc800000, 0x0000000100000000)
  eden space 50688K, 0% used [0x00000000f5580000,0x00000000f5580000,0x00000000f8700000)
  from space 20480K, 99% used [0x00000000fa000000,0x00000000fb3f8070,0x00000000fb400000)
  to   space 25600K, 0% used [0x00000000f8700000,0x00000000f8700000,0x00000000fa000000)
 ParOldGen       total 84480K, used 43326K [0x00000000e0000000, 0x00000000e5280000, 0x00000000f5580000)
  object space 84480K, 51% used [0x00000000e0000000,0x00000000e2a4fbb8,0x00000000e5280000)
 Metaspace       used 12618K, capacity 12936K, committed 13184K, reserved 1060864K
  class space    used 1505K, capacity 1592K, committed 1664K, reserved 1048576K
}
Event: 28.843 GC heap before
{Heap before GC invocations=10 (full 1):
 PSYoungGen      total 71168K, used 71136K [0x00000000f5580000, 0x00000000fc800000, 0x0000000100000000)
  eden space 50688K, 100% used [0x00000000f5580000,0x00000000f8700000,0x00000000f8700000)
  from space 20480K, 99% used [0x00000000fa000000,0x00000000fb3f8070,0x00000000fb400000)
  to   space 25600K, 0% used [0x00000000f8700000,0x00000000f8700000,0x00000000fa000000)
 ParOldGen       total 84480K, used 43326K [0x00000000e0000000, 0x00000000e5280000, 0x00000000f5580000)
  object space 84480K, 51% used [0x00000000e0000000,0x00000000e2a4fbb8,0x00000000e5280000)
 Metaspace       used 17582K, capacity 17972K, committed 18176K, reserved 1064960K
  class space    used 2118K, capacity 2208K, committed 2304K, reserved 1048576K
Event: 28.859 GC heap after
Heap after GC invocations=10 (full 1):
 PSYoungGen      total 76288K, used 25573K [0x00000000f5580000, 0x00000000fc700000, 0x0000000100000000)
  eden space 50688K, 0% used [0x00000000f5580000,0x00000000f5580000,0x00000000f8700000)
  from space 25600K, 99% used [0x00000000f8700000,0x00000000f9ff9400,0x00000000fa000000)
  to   space 29696K, 0% used [0x00000000faa00000,0x00000000faa00000,0x00000000fc700000)
 ParOldGen       total 84480K, used 43377K [0x00000000e0000000, 0x00000000e5280000, 0x00000000f5580000)
  object space 84480K, 51% used [0x00000000e0000000,0x00000000e2a5c5d8,0x00000000e5280000)
 Metaspace       used 17582K, capacity 17972K, committed 18176K, reserved 1064960K
  class space    used 2118K, capacity 2208K, committed 2304K, reserved 1048576K
}
Event: 29.817 GC heap before
{Heap before GC invocations=11 (full 1):
 PSYoungGen      total 76288K, used 44201K [0x00000000f5580000, 0x00000000fc700000, 0x0000000100000000)
  eden space 50688K, 36% used [0x00000000f5580000,0x00000000f67b10f8,0x00000000f8700000)
  from space 25600K, 99% used [0x00000000f8700000,0x00000000f9ff9400,0x00000000fa000000)
  to   space 29696K, 0% used [0x00000000faa00000,0x00000000faa00000,0x00000000fc700000)
 ParOldGen       total 84480K, used 43377K [0x00000000e0000000, 0x00000000e5280000, 0x00000000f5580000)
  object space 84480K, 51% used [0x00000000e0000000,0x00000000e2a5c5d8,0x00000000e5280000)
 Metaspace       used 20632K, capacity 21080K, committed 21296K, reserved 1069056K
  class space    used 2505K, capacity 2602K, committed 2688K, reserved 1048576K
Event: 29.833 GC heap after
Heap after GC invocations=11 (full 1):
 PSYoungGen      total 83968K, used 24916K [0x00000000f5580000, 0x00000000fcb80000, 0x0000000100000000)
  eden space 54272K, 0% used [0x00000000f5580000,0x00000000f5580000,0x00000000f8a80000)
  from space 29696K, 83% used [0x00000000faa00000,0x00000000fc2551c8,0x00000000fc700000)
  to   space 32256K, 0% used [0x00000000f8a80000,0x00000000f8a80000,0x00000000faa00000)
 ParOldGen       total 84480K, used 43377K [0x00000000e0000000, 0x00000000e5280000, 0x00000000f5580000)
  object space 84480K, 51% used [0x00000000e0000000,0x00000000e2a5c5d8,0x00000000e5280000)
 Metaspace       used 20632K, capacity 21080K, committed 21296K, reserved 1069056K
  class space    used 2505K, capacity 2602K, committed 2688K, reserved 1048576K
}
Event: 29.833 GC heap before
{Heap before GC invocations=12 (full 2):
 PSYoungGen      total 83968K, used 24916K [0x00000000f5580000, 0x00000000fcb80000, 0x0000000100000000)
  eden space 54272K, 0% used [0x00000000f5580000,0x00000000f5580000,0x00000000f8a80000)
  from space 29696K, 83% used [0x00000000faa00000,0x00000000fc2551c8,0x00000000fc700000)
  to   space 32256K, 0% used [0x00000000f8a80000,0x00000000f8a80000,0x00000000faa00000)
 ParOldGen       total 84480K, used 43377K [0x00000000e0000000, 0x00000000e5280000, 0x00000000f5580000)
  object space 84480K, 51% used [0x00000000e0000000,0x00000000e2a5c5d8,0x00000000e5280000)
 Metaspace       used 20632K, capacity 21080K, committed 21296K, reserved 1069056K
  class space    used 2505K, capacity 2602K, committed 2688K, reserved 1048576K
Event: 30.033 GC heap after
Heap after GC invocations=12 (full 2):
 PSYoungGen      total 83968K, used 0K [0x00000000f5580000, 0x00000000fcb80000, 0x0000000100000000)
  eden space 54272K, 0% used [0x00000000f5580000,0x00000000f5580000,0x00000000f8a80000)
  from space 29696K, 0% used [0x00000000faa00000,0x00000000faa00000,0x00000000fc700000)
  to   space 32256K, 0% used [0x00000000f8a80000,0x00000000f8a80000,0x00000000faa00000)
 ParOldGen       total 128000K, used 65770K [0x00000000e0000000, 0x00000000e7d00000, 0x00000000f5580000)
  object space 128000K, 51% used [0x00000000e0000000,0x00000000e403a8a8,0x00000000e7d00000)
 Metaspace       used 20632K, capacity 21080K, committed 21296K, reserved 1069056K
  class space    used 2505K, capacity 2602K, committed 2688K, reserved 1048576K
}

